
> @my-ui-library/storybook@0.0.0 build-storybook C:\Users\Kushal\Desktop\Projects\Xtremis\apps\storybook
> storybook build "--output-dir=C:\\Users\\Kushal\\AppData\\Local\\Temp\\chromatic--18552-BxBkKVC9GjHF"

[1mstorybook v9.0.18
[22m
info => Cleaning outputDir: [36m..\..\..\..\..\AppData\Local\Temp\chromatic--18552-BxBkKVC9GjHF[39m
info => Loading presets
info => Building manager..
info => Building preview..
info Using tsconfig paths for react-docgen
[36mvite v5.4.19 [32mbuilding for production...[36m[39m
transforming...
[32m✓[39m 74 modules transformed.
rendering chunks...
computing gzip size...
[2m../../../../../AppData/Local/Temp/chromatic--18552-BxBkKVC9GjHF/[22m[32miframe.html                               [39m[1m[2m   18.07 kB[22m[1m[22m[2m │ gzip:   5.10 kB[22m
[2m../../../../../AppData/Local/Temp/chromatic--18552-BxBkKVC9GjHF/[22m[35massets/iframe-C6G_3qQV.css                [39m[1m[2m    0.06 kB[22m[1m[22m[2m │ gzip:   0.06 kB[22m
[2m../../../../../AppData/Local/Temp/chromatic--18552-BxBkKVC9GjHF/[22m[36massets/index-C_Y1Re4c.js                  [39m[1m[2m    0.42 kB[22m[1m[22m[2m │ gzip:   0.27 kB[22m
[2m../../../../../AppData/Local/Temp/chromatic--18552-BxBkKVC9GjHF/[22m[36massets/jsx-runtime-DEwxjO4E.js            [39m[1m[2m    0.92 kB[22m[1m[22m[2m │ gzip:   0.58 kB[22m
[2m../../../../../AppData/Local/Temp/chromatic--18552-BxBkKVC9GjHF/[22m[36massets/Button.stories-CaiB4k54.js         [39m[1m[2m    3.37 kB[22m[1m[22m[2m │ gzip:   1.16 kB[22m
[2m../../../../../AppData/Local/Temp/chromatic--18552-BxBkKVC9GjHF/[22m[36massets/Color-AVL7NMMY-CjmA54uw.js         [39m[1m[2m   29.38 kB[22m[1m[22m[2m │ gzip:  11.06 kB[22m
[2m../../../../../AppData/Local/Temp/chromatic--18552-BxBkKVC9GjHF/[22m[36massets/Typography.stories-ChUP9wcG.js     [39m[1m[2m   29.77 kB[22m[1m[22m[2m │ gzip:   9.53 kB[22m
[2m../../../../../AppData/Local/Temp/chromatic--18552-BxBkKVC9GjHF/[22m[36massets/react-18-BEEQ1e3a.js               [39m[1m[2m  134.81 kB[22m[1m[22m[2m │ gzip:  43.53 kB[22m
[2m../../../../../AppData/Local/Temp/chromatic--18552-BxBkKVC9GjHF/[22m[36massets/DocsRenderer-PQXLIZUC-BYoWsBjc.js  [39m[1m[33m  530.91 kB[39m[22m[2m │ gzip: 173.36 kB[22m
[2m../../../../../AppData/Local/Temp/chromatic--18552-BxBkKVC9GjHF/[22m[36massets/iframe-BTEBVQYf.js                 [39m[1m[33m1,229.65 kB[39m[22m[2m │ gzip: 342.74 kB[22m
[32m✓ built in 3.00s[39m
info => Output directory: C:\Users\Kushal\AppData\Local\Temp\chromatic--18552-BxBkKVC9GjHF
